{"C:\\Projects\\Kv-058.WebUi\\test.js":{"path":"C:\\Projects\\Kv-058.WebUi\\test.js","s":{"1":1,"2":1,"3":1,"4":1},"b":{},"f":{},"fnMap":{},"statementMap":{"1":{"start":{"line":1,"column":0},"end":{"line":1,"column":35}},"2":{"start":{"line":3,"column":0},"end":{"line":3,"column":30}},"3":{"start":{"line":4,"column":0},"end":{"line":4,"column":52}},"4":{"start":{"line":5,"column":0},"end":{"line":5,"column":18}}},"branchMap":{}},"C:\\Projects\\Kv-058.WebUi\\spec\\departmentAppSpecs\\designerSpec.js":{"path":"C:\\Projects\\Kv-058.WebUi\\spec\\departmentAppSpecs\\designerSpec.js","s":{"1":1,"2":1,"3":1,"4":1,"5":1,"6":1,"7":1,"8":1,"9":1,"10":1,"11":1,"12":1,"13":1,"14":1,"15":1,"16":1,"17":1,"18":1,"19":1,"20":1,"21":1},"b":{},"f":{"1":1,"2":1,"3":1,"4":1},"fnMap":{"1":{"name":"(anonymous_1)","line":1,"loc":{"start":{"line":1,"column":26},"end":{"line":1,"column":37}}},"2":{"name":"(anonymous_2)","line":53,"loc":{"start":{"line":53,"column":56},"end":{"line":53,"column":67}}},"3":{"name":"(anonymous_3)","line":62,"loc":{"start":{"line":62,"column":56},"end":{"line":62,"column":67}}},"4":{"name":"(anonymous_4)","line":71,"loc":{"start":{"line":71,"column":56},"end":{"line":71,"column":67}}}},"statementMap":{"1":{"start":{"line":1,"column":0},"end":{"line":82,"column":3}},"2":{"start":{"line":2,"column":2},"end":{"line":2,"column":53}},"3":{"start":{"line":3,"column":2},"end":{"line":3,"column":53}},"4":{"start":{"line":4,"column":2},"end":{"line":4,"column":15}},"5":{"start":{"line":5,"column":2},"end":{"line":5,"column":14}},"6":{"start":{"line":7,"column":2},"end":{"line":48,"column":5}},"7":{"start":{"line":8,"column":4},"end":{"line":19,"column":6}},"8":{"start":{"line":20,"column":4},"end":{"line":31,"column":6}},"9":{"start":{"line":32,"column":4},"end":{"line":43,"column":6}},"10":{"start":{"line":45,"column":4},"end":{"line":45,"column":46}},"11":{"start":{"line":46,"column":4},"end":{"line":46,"column":46}},"12":{"start":{"line":47,"column":4},"end":{"line":47,"column":46}},"13":{"start":{"line":53,"column":2},"end":{"line":60,"column":5}},"14":{"start":{"line":56,"column":4},"end":{"line":56,"column":41}},"15":{"start":{"line":59,"column":4},"end":{"line":59,"column":35}},"16":{"start":{"line":62,"column":2},"end":{"line":69,"column":5}},"17":{"start":{"line":65,"column":4},"end":{"line":65,"column":41}},"18":{"start":{"line":68,"column":4},"end":{"line":68,"column":30}},"19":{"start":{"line":71,"column":2},"end":{"line":78,"column":5}},"20":{"start":{"line":74,"column":4},"end":{"line":74,"column":41}},"21":{"start":{"line":77,"column":4},"end":{"line":77,"column":29}}},"branchMap":{}},"C:\\Projects\\Kv-058.WebUi\\modules\\employee.js":{"path":"C:\\Projects\\Kv-058.WebUi\\modules\\employee.js","s":{"1":1,"2":10,"3":10,"4":10,"5":10,"6":10,"7":10,"8":10,"9":10,"10":10,"11":10,"12":1,"13":0,"14":0,"15":11,"16":2,"17":9,"18":1,"19":8},"b":{"1":[2,9],"2":[1,8]},"f":{"1":10,"2":1,"3":0,"4":0,"5":11},"fnMap":{"1":{"name":"(anonymous_1)","line":2,"loc":{"start":{"line":2,"column":13},"end":{"line":2,"column":19}}},"2":{"name":"(anonymous_2)","line":26,"loc":{"start":{"line":26,"column":10},"end":{"line":26,"column":13}}},"3":{"name":"(anonymous_3)","line":30,"loc":{"start":{"line":30,"column":10},"end":{"line":30,"column":13}}},"4":{"name":"(anonymous_4)","line":34,"loc":{"start":{"line":34,"column":10},"end":{"line":34,"column":16}}},"5":{"name":"(anonymous_5)","line":41,"loc":{"start":{"line":41,"column":11},"end":{"line":41,"column":14}}}},"statementMap":{"1":{"start":{"line":1,"column":0},"end":{"line":50,"column":2}},"2":{"start":{"line":3,"column":4},"end":{"line":3,"column":24}},"3":{"start":{"line":4,"column":4},"end":{"line":13,"column":12}},"4":{"start":{"line":14,"column":4},"end":{"line":14,"column":19}},"5":{"start":{"line":15,"column":4},"end":{"line":15,"column":31}},"6":{"start":{"line":16,"column":4},"end":{"line":16,"column":29}},"7":{"start":{"line":17,"column":4},"end":{"line":17,"column":25}},"8":{"start":{"line":18,"column":4},"end":{"line":18,"column":33}},"9":{"start":{"line":19,"column":4},"end":{"line":19,"column":27}},"10":{"start":{"line":20,"column":4},"end":{"line":20,"column":21}},"11":{"start":{"line":21,"column":4},"end":{"line":21,"column":29}},"12":{"start":{"line":27,"column":4},"end":{"line":27,"column":105}},"13":{"start":{"line":31,"column":4},"end":{"line":31,"column":22}},"14":{"start":{"line":35,"column":4},"end":{"line":35,"column":21}},"15":{"start":{"line":42,"column":4},"end":{"line":48,"column":5}},"16":{"start":{"line":43,"column":6},"end":{"line":43,"column":37}},"17":{"start":{"line":44,"column":11},"end":{"line":48,"column":5}},"18":{"start":{"line":45,"column":6},"end":{"line":45,"column":31}},"19":{"start":{"line":47,"column":6},"end":{"line":47,"column":25}}},"branchMap":{"1":{"line":42,"type":"if","locations":[{"start":{"line":42,"column":4},"end":{"line":42,"column":4}},{"start":{"line":42,"column":4},"end":{"line":42,"column":4}}]},"2":{"line":44,"type":"if","locations":[{"start":{"line":44,"column":11},"end":{"line":44,"column":11}},{"start":{"line":44,"column":11},"end":{"line":44,"column":11}}]}}},"C:\\Projects\\Kv-058.WebUi\\modules\\designer.js":{"path":"C:\\Projects\\Kv-058.WebUi\\modules\\designer.js","s":{"1":1,"2":1,"3":3,"4":3,"5":3,"6":0,"7":0,"8":3,"9":2},"b":{"1":[2,1]},"f":{"1":3,"2":0,"3":0,"4":3},"fnMap":{"1":{"name":"(anonymous_1)","line":6,"loc":{"start":{"line":6,"column":13},"end":{"line":6,"column":19}}},"2":{"name":"(anonymous_2)","line":12,"loc":{"start":{"line":12,"column":10},"end":{"line":12,"column":13}}},"3":{"name":"(anonymous_3)","line":16,"loc":{"start":{"line":16,"column":11},"end":{"line":16,"column":17}}},"4":{"name":"(anonymous_4)","line":22,"loc":{"start":{"line":22,"column":11},"end":{"line":22,"column":14}}}},"statementMap":{"1":{"start":{"line":1,"column":0},"end":{"line":1,"column":42}},"2":{"start":{"line":5,"column":0},"end":{"line":28,"column":1}},"3":{"start":{"line":7,"column":4},"end":{"line":7,"column":15}},"4":{"start":{"line":8,"column":4},"end":{"line":8,"column":27}},"5":{"start":{"line":9,"column":4},"end":{"line":9,"column":33}},"6":{"start":{"line":13,"column":4},"end":{"line":13,"column":22}},"7":{"start":{"line":17,"column":4},"end":{"line":17,"column":21}},"8":{"start":{"line":24,"column":4},"end":{"line":26,"column":5}},"9":{"start":{"line":25,"column":4},"end":{"line":25,"column":57}}},"branchMap":{"1":{"line":24,"type":"if","locations":[{"start":{"line":24,"column":4},"end":{"line":24,"column":4}},{"start":{"line":24,"column":4},"end":{"line":24,"column":4}}]}}},"C:\\Projects\\Kv-058.WebUi\\spec\\departmentAppSpecs\\employeeSpec.js":{"path":"C:\\Projects\\Kv-058.WebUi\\spec\\departmentAppSpecs\\employeeSpec.js","s":{"1":1,"2":1,"3":1,"4":1,"5":1,"6":1,"7":1,"8":1,"9":1,"10":1,"11":1,"12":1,"13":1,"14":1,"15":1,"16":1,"17":1,"18":1,"19":1,"20":1,"21":1,"22":1,"23":1,"24":1,"25":1,"26":1,"27":1,"28":1},"b":{},"f":{"1":1,"2":1,"3":1,"4":1,"5":1,"6":1,"7":1},"fnMap":{"1":{"name":"(anonymous_1)","line":1,"loc":{"start":{"line":1,"column":26},"end":{"line":1,"column":37}}},"2":{"name":"(anonymous_2)","line":49,"loc":{"start":{"line":49,"column":40},"end":{"line":49,"column":51}}},"3":{"name":"(anonymous_3)","line":62,"loc":{"start":{"line":62,"column":76},"end":{"line":62,"column":87}}},"4":{"name":"(anonymous_4)","line":76,"loc":{"start":{"line":76,"column":81},"end":{"line":76,"column":92}}},"5":{"name":"(anonymous_5)","line":89,"loc":{"start":{"line":89,"column":85},"end":{"line":89,"column":96}}},"6":{"name":"(anonymous_6)","line":102,"loc":{"start":{"line":102,"column":85},"end":{"line":102,"column":96}}},"7":{"name":"(anonymous_7)","line":112,"loc":{"start":{"line":112,"column":55},"end":{"line":112,"column":66}}}},"statementMap":{"1":{"start":{"line":1,"column":0},"end":{"line":125,"column":3}},"2":{"start":{"line":2,"column":2},"end":{"line":2,"column":53}},"3":{"start":{"line":3,"column":2},"end":{"line":3,"column":15}},"4":{"start":{"line":5,"column":2},"end":{"line":45,"column":5}},"5":{"start":{"line":6,"column":4},"end":{"line":17,"column":6}},"6":{"start":{"line":18,"column":4},"end":{"line":29,"column":6}},"7":{"start":{"line":30,"column":4},"end":{"line":41,"column":6}},"8":{"start":{"line":42,"column":4},"end":{"line":42,"column":46}},"9":{"start":{"line":43,"column":4},"end":{"line":43,"column":46}},"10":{"start":{"line":44,"column":4},"end":{"line":44,"column":46}},"11":{"start":{"line":49,"column":2},"end":{"line":56,"column":5}},"12":{"start":{"line":52,"column":4},"end":{"line":52,"column":41}},"13":{"start":{"line":55,"column":4},"end":{"line":55,"column":33}},"14":{"start":{"line":62,"column":2},"end":{"line":70,"column":5}},"15":{"start":{"line":66,"column":4},"end":{"line":66,"column":41}},"16":{"start":{"line":69,"column":4},"end":{"line":69,"column":30}},"17":{"start":{"line":76,"column":2},"end":{"line":83,"column":5}},"18":{"start":{"line":79,"column":4},"end":{"line":79,"column":41}},"19":{"start":{"line":82,"column":4},"end":{"line":82,"column":30}},"20":{"start":{"line":89,"column":2},"end":{"line":96,"column":5}},"21":{"start":{"line":92,"column":4},"end":{"line":92,"column":41}},"22":{"start":{"line":95,"column":4},"end":{"line":95,"column":30}},"23":{"start":{"line":102,"column":2},"end":{"line":109,"column":5}},"24":{"start":{"line":105,"column":4},"end":{"line":105,"column":41}},"25":{"start":{"line":108,"column":4},"end":{"line":108,"column":30}},"26":{"start":{"line":112,"column":2},"end":{"line":119,"column":5}},"27":{"start":{"line":115,"column":4},"end":{"line":115,"column":40}},"28":{"start":{"line":118,"column":4},"end":{"line":118,"column":66}}},"branchMap":{}},"C:\\Projects\\Kv-058.WebUi\\spec\\departmentAppSpecs\\managerSpec.js":{"path":"C:\\Projects\\Kv-058.WebUi\\spec\\departmentAppSpecs\\managerSpec.js","s":{"1":1,"2":1,"3":1,"4":1,"5":1,"6":1,"7":1,"8":1,"9":1,"10":1,"11":1,"12":1,"13":1,"14":1,"15":1,"16":1,"17":1,"18":1,"19":1,"20":1,"21":1,"22":1,"23":1,"24":1,"25":1,"26":1,"27":1},"b":{},"f":{"1":1,"2":1,"3":1,"4":1,"5":1},"fnMap":{"1":{"name":"(anonymous_1)","line":1,"loc":{"start":{"line":1,"column":25},"end":{"line":1,"column":36}}},"2":{"name":"(anonymous_2)","line":64,"loc":{"start":{"line":64,"column":40},"end":{"line":64,"column":51}}},"3":{"name":"(anonymous_3)","line":76,"loc":{"start":{"line":76,"column":41},"end":{"line":76,"column":52}}},"4":{"name":"(anonymous_4)","line":85,"loc":{"start":{"line":85,"column":42},"end":{"line":85,"column":53}}},"5":{"name":"(anonymous_5)","line":94,"loc":{"start":{"line":94,"column":68},"end":{"line":94,"column":79}}}},"statementMap":{"1":{"start":{"line":1,"column":0},"end":{"line":105,"column":3}},"2":{"start":{"line":2,"column":2},"end":{"line":2,"column":53}},"3":{"start":{"line":3,"column":2},"end":{"line":3,"column":51}},"4":{"start":{"line":4,"column":2},"end":{"line":4,"column":15}},"5":{"start":{"line":5,"column":2},"end":{"line":5,"column":14}},"6":{"start":{"line":7,"column":2},"end":{"line":60,"column":5}},"7":{"start":{"line":8,"column":4},"end":{"line":19,"column":6}},"8":{"start":{"line":20,"column":4},"end":{"line":31,"column":6}},"9":{"start":{"line":32,"column":4},"end":{"line":43,"column":6}},"10":{"start":{"line":44,"column":4},"end":{"line":55,"column":6}},"11":{"start":{"line":56,"column":4},"end":{"line":56,"column":44}},"12":{"start":{"line":57,"column":4},"end":{"line":57,"column":44}},"13":{"start":{"line":58,"column":4},"end":{"line":58,"column":44}},"14":{"start":{"line":59,"column":4},"end":{"line":59,"column":44}},"15":{"start":{"line":64,"column":2},"end":{"line":72,"column":5}},"16":{"start":{"line":67,"column":4},"end":{"line":67,"column":40}},"17":{"start":{"line":70,"column":4},"end":{"line":70,"column":33}},"18":{"start":{"line":71,"column":4},"end":{"line":71,"column":30}},"19":{"start":{"line":76,"column":2},"end":{"line":84,"column":5}},"20":{"start":{"line":80,"column":4},"end":{"line":80,"column":40}},"21":{"start":{"line":83,"column":4},"end":{"line":83,"column":30}},"22":{"start":{"line":85,"column":2},"end":{"line":93,"column":5}},"23":{"start":{"line":89,"column":4},"end":{"line":89,"column":40}},"24":{"start":{"line":92,"column":4},"end":{"line":92,"column":30}},"25":{"start":{"line":94,"column":2},"end":{"line":102,"column":5}},"26":{"start":{"line":98,"column":4},"end":{"line":98,"column":40}},"27":{"start":{"line":101,"column":4},"end":{"line":101,"column":30}}},"branchMap":{}},"C:\\Projects\\Kv-058.WebUi\\modules\\manager.js":{"path":"C:\\Projects\\Kv-058.WebUi\\modules\\manager.js","s":{"1":1,"2":1,"3":4,"4":4,"5":0,"6":0,"7":4,"8":4,"9":1,"10":3,"11":1,"12":2,"13":4,"14":1,"15":4},"b":{"1":[1,3],"2":[1,2],"3":[1,3]},"f":{"1":4,"2":0,"3":0,"4":4},"fnMap":{"1":{"name":"(anonymous_1)","line":6,"loc":{"start":{"line":6,"column":13},"end":{"line":6,"column":19}}},"2":{"name":"(anonymous_2)","line":11,"loc":{"start":{"line":11,"column":10},"end":{"line":11,"column":13}}},"3":{"name":"(anonymous_3)","line":15,"loc":{"start":{"line":15,"column":10},"end":{"line":15,"column":16}}},"4":{"name":"(anonymous_4)","line":19,"loc":{"start":{"line":19,"column":11},"end":{"line":19,"column":14}}}},"statementMap":{"1":{"start":{"line":1,"column":0},"end":{"line":1,"column":42}},"2":{"start":{"line":5,"column":0},"end":{"line":42,"column":2}},"3":{"start":{"line":7,"column":4},"end":{"line":7,"column":15}},"4":{"start":{"line":8,"column":4},"end":{"line":8,"column":26}},"5":{"start":{"line":12,"column":4},"end":{"line":12,"column":22}},"6":{"start":{"line":16,"column":4},"end":{"line":16,"column":21}},"7":{"start":{"line":26,"column":4},"end":{"line":26,"column":15}},"8":{"start":{"line":27,"column":4},"end":{"line":33,"column":5}},"9":{"start":{"line":28,"column":6},"end":{"line":28,"column":39}},"10":{"start":{"line":29,"column":11},"end":{"line":33,"column":5}},"11":{"start":{"line":30,"column":6},"end":{"line":30,"column":39}},"12":{"start":{"line":32,"column":6},"end":{"line":32,"column":33}},"13":{"start":{"line":37,"column":4},"end":{"line":39,"column":5}},"14":{"start":{"line":38,"column":6},"end":{"line":38,"column":28}},"15":{"start":{"line":40,"column":4},"end":{"line":40,"column":18}}},"branchMap":{"1":{"line":27,"type":"if","locations":[{"start":{"line":27,"column":4},"end":{"line":27,"column":4}},{"start":{"line":27,"column":4},"end":{"line":27,"column":4}}]},"2":{"line":29,"type":"if","locations":[{"start":{"line":29,"column":11},"end":{"line":29,"column":11}},{"start":{"line":29,"column":11},"end":{"line":29,"column":11}}]},"3":{"line":37,"type":"if","locations":[{"start":{"line":37,"column":4},"end":{"line":37,"column":4}},{"start":{"line":37,"column":4},"end":{"line":37,"column":4}}]}}}}