TN:
SF:C:\Projects\Kv-058.WebUi\test.js
FNF:0
FNH:0
DA:1,1
DA:3,1
DA:4,1
DA:5,1
LF:4
LH:4
BRF:0
BRH:0
end_of_record
TN:
SF:C:\Projects\Kv-058.WebUi\spec\departmentAppSpecs\designerSpec.js
FN:1,(anonymous_1)
FN:53,(anonymous_2)
FN:62,(anonymous_3)
FN:71,(anonymous_4)
FNF:4
FNH:4
FNDA:1,(anonymous_1)
FNDA:1,(anonymous_2)
FNDA:1,(anonymous_3)
FNDA:1,(anonymous_4)
DA:1,1
DA:2,1
DA:3,1
DA:4,1
DA:5,1
DA:7,1
DA:8,1
DA:20,1
DA:32,1
DA:45,1
DA:46,1
DA:47,1
DA:53,1
DA:56,1
DA:59,1
DA:62,1
DA:65,1
DA:68,1
DA:71,1
DA:74,1
DA:77,1
LF:21
LH:21
BRF:0
BRH:0
end_of_record
TN:
SF:C:\Projects\Kv-058.WebUi\modules\employee.js
FN:2,(anonymous_1)
FN:26,(anonymous_2)
FN:30,(anonymous_3)
FN:34,(anonymous_4)
FN:41,(anonymous_5)
FNF:5
FNH:3
FNDA:10,(anonymous_1)
FNDA:1,(anonymous_2)
FNDA:0,(anonymous_3)
FNDA:0,(anonymous_4)
FNDA:11,(anonymous_5)
DA:1,1
DA:3,10
DA:4,10
DA:14,10
DA:15,10
DA:16,10
DA:17,10
DA:18,10
DA:19,10
DA:20,10
DA:21,10
DA:27,1
DA:31,0
DA:35,0
DA:42,11
DA:43,2
DA:44,9
DA:45,1
DA:47,8
LF:19
LH:17
BRDA:42,1,0,2
BRDA:42,1,1,9
BRDA:44,2,0,1
BRDA:44,2,1,8
BRF:4
BRH:4
end_of_record
TN:
SF:C:\Projects\Kv-058.WebUi\modules\designer.js
FN:6,(anonymous_1)
FN:12,(anonymous_2)
FN:16,(anonymous_3)
FN:22,(anonymous_4)
FNF:4
FNH:2
FNDA:3,(anonymous_1)
FNDA:0,(anonymous_2)
FNDA:0,(anonymous_3)
FNDA:3,(anonymous_4)
DA:1,1
DA:5,1
DA:7,3
DA:8,3
DA:9,3
DA:13,0
DA:17,0
DA:24,3
DA:25,2
LF:9
LH:7
BRDA:24,1,0,2
BRDA:24,1,1,1
BRF:2
BRH:2
end_of_record
TN:
SF:C:\Projects\Kv-058.WebUi\spec\departmentAppSpecs\employeeSpec.js
FN:1,(anonymous_1)
FN:49,(anonymous_2)
FN:62,(anonymous_3)
FN:76,(anonymous_4)
FN:89,(anonymous_5)
FN:102,(anonymous_6)
FN:112,(anonymous_7)
FNF:7
FNH:7
FNDA:1,(anonymous_1)
FNDA:1,(anonymous_2)
FNDA:1,(anonymous_3)
FNDA:1,(anonymous_4)
FNDA:1,(anonymous_5)
FNDA:1,(anonymous_6)
FNDA:1,(anonymous_7)
DA:1,1
DA:2,1
DA:3,1
DA:5,1
DA:6,1
DA:18,1
DA:30,1
DA:42,1
DA:43,1
DA:44,1
DA:49,1
DA:52,1
DA:55,1
DA:62,1
DA:66,1
DA:69,1
DA:76,1
DA:79,1
DA:82,1
DA:89,1
DA:92,1
DA:95,1
DA:102,1
DA:105,1
DA:108,1
DA:112,1
DA:115,1
DA:118,1
LF:28
LH:28
BRF:0
BRH:0
end_of_record
TN:
SF:C:\Projects\Kv-058.WebUi\spec\departmentAppSpecs\managerSpec.js
FN:1,(anonymous_1)
FN:64,(anonymous_2)
FN:76,(anonymous_3)
FN:85,(anonymous_4)
FN:94,(anonymous_5)
FNF:5
FNH:5
FNDA:1,(anonymous_1)
FNDA:1,(anonymous_2)
FNDA:1,(anonymous_3)
FNDA:1,(anonymous_4)
FNDA:1,(anonymous_5)
DA:1,1
DA:2,1
DA:3,1
DA:4,1
DA:5,1
DA:7,1
DA:8,1
DA:20,1
DA:32,1
DA:44,1
DA:56,1
DA:57,1
DA:58,1
DA:59,1
DA:64,1
DA:67,1
DA:70,1
DA:71,1
DA:76,1
DA:80,1
DA:83,1
DA:85,1
DA:89,1
DA:92,1
DA:94,1
DA:98,1
DA:101,1
LF:27
LH:27
BRF:0
BRH:0
end_of_record
TN:
SF:C:\Projects\Kv-058.WebUi\modules\manager.js
FN:6,(anonymous_1)
FN:11,(anonymous_2)
FN:15,(anonymous_3)
FN:19,(anonymous_4)
FNF:4
FNH:2
FNDA:4,(anonymous_1)
FNDA:0,(anonymous_2)
FNDA:0,(anonymous_3)
FNDA:4,(anonymous_4)
DA:1,1
DA:5,1
DA:7,4
DA:8,4
DA:12,0
DA:16,0
DA:26,4
DA:27,4
DA:28,1
DA:29,3
DA:30,1
DA:32,2
DA:37,4
DA:38,1
DA:40,4
LF:15
LH:13
BRDA:27,1,0,1
BRDA:27,1,1,3
BRDA:29,2,0,1
BRDA:29,2,1,2
BRDA:37,3,0,1
BRDA:37,3,1,3
BRF:6
BRH:6
end_of_record
